PREHOOK: query: explain
select 
  csmallint,
  case 
    when csmallint = 418 then "a"
    when csmallint = 12205 then "b"
    else "c"
  end,
  case csmallint
    when 418 then "a"
    when 12205 then "b"
    else "c"
  end
from alltypesorc
where csmallint = 418
or csmallint = 12205
or csmallint = 10583
PREHOOK: type: QUERY
POSTHOOK: query: explain
select 
  csmallint,
  case 
    when csmallint = 418 then "a"
    when csmallint = 12205 then "b"
    else "c"
  end,
  case csmallint
    when 418 then "a"
    when 12205 then "b"
    else "c"
  end
from alltypesorc
where csmallint = 418
or csmallint = 12205
or csmallint = 10583
POSTHOOK: type: QUERY
STAGE DEPENDENCIES:
  Stage-1 is a root stage
  Stage-0 depends on stages: Stage-1

STAGE PLANS:
  Stage: Stage-1
    Tez
#### A masked pattern was here ####
      Vertices:
        Map 1 
            Map Operator Tree:
                TableScan
                  alias: alltypesorc
                  Statistics: Num rows: 12288 Data size: 2641964 Basic stats: COMPLETE Column stats: NONE
                  Filter Operator
                    predicate: ((csmallint = 418) or (csmallint = 12205) or (csmallint = 10583)) (type: boolean)
                    Statistics: Num rows: 12288 Data size: 2641964 Basic stats: COMPLETE Column stats: NONE
                    Select Operator
                      expressions: csmallint (type: smallint), CASE WHEN ((csmallint = 418)) THEN ('a') WHEN ((csmallint = 12205)) THEN ('b') ELSE ('c') END (type: string), CASE WHEN ((csmallint = 418)) THEN ('a') WHEN ((csmallint = 12205)) THEN ('b') ELSE ('c') END (type: string)
                      outputColumnNames: _col0, _col1, _col2
                      Statistics: Num rows: 12288 Data size: 2641964 Basic stats: COMPLETE Column stats: NONE
                      File Output Operator
                        compressed: false
                        Statistics: Num rows: 12288 Data size: 2641964 Basic stats: COMPLETE Column stats: NONE
                        table:
                            input format: org.apache.hadoop.mapred.SequenceFileInputFormat
                            output format: org.apache.hadoop.hive.ql.io.HiveSequenceFileOutputFormat
                            serde: org.apache.hadoop.hive.serde2.lazy.LazySimpleSerDe
            Execution mode: vectorized, llap
            LLAP IO: all inputs

  Stage: Stage-0
    Fetch Operator
      limit: -1
      Processor Tree:
        ListSink

PREHOOK: query: select 
  csmallint,
  case 
    when csmallint = 418 then "a"
    when csmallint = 12205 then "b"
    else "c"
  end,
  case csmallint
    when 418 then "a"
    when 12205 then "b"
    else "c"
  end
from alltypesorc
where csmallint = 418
or csmallint = 12205
or csmallint = 10583
PREHOOK: type: QUERY
PREHOOK: Input: default@alltypesorc
#### A masked pattern was here ####
POSTHOOK: query: select 
  csmallint,
  case 
    when csmallint = 418 then "a"
    when csmallint = 12205 then "b"
    else "c"
  end,
  case csmallint
    when 418 then "a"
    when 12205 then "b"
    else "c"
  end
from alltypesorc
where csmallint = 418
or csmallint = 12205
or csmallint = 10583
POSTHOOK: type: QUERY
POSTHOOK: Input: default@alltypesorc
#### A masked pattern was here ####
12205	b	b
10583	c	c
418	a	a
12205	b	b
PREHOOK: query: explain
select 
  csmallint,
  case 
    when csmallint = 418 then "a"
    when csmallint = 12205 then "b"
    else null
  end,
  case csmallint
    when 418 then "a"
    when 12205 then null
    else "c"
  end
from alltypesorc
where csmallint = 418
or csmallint = 12205
or csmallint = 10583
PREHOOK: type: QUERY
POSTHOOK: query: explain
select 
  csmallint,
  case 
    when csmallint = 418 then "a"
    when csmallint = 12205 then "b"
    else null
  end,
  case csmallint
    when 418 then "a"
    when 12205 then null
    else "c"
  end
from alltypesorc
where csmallint = 418
or csmallint = 12205
or csmallint = 10583
POSTHOOK: type: QUERY
STAGE DEPENDENCIES:
  Stage-1 is a root stage
  Stage-0 depends on stages: Stage-1

STAGE PLANS:
  Stage: Stage-1
    Tez
#### A masked pattern was here ####
      Vertices:
        Map 1 
            Map Operator Tree:
                TableScan
                  alias: alltypesorc
                  Statistics: Num rows: 12288 Data size: 2641964 Basic stats: COMPLETE Column stats: NONE
                  Filter Operator
                    predicate: ((csmallint = 418) or (csmallint = 12205) or (csmallint = 10583)) (type: boolean)
                    Statistics: Num rows: 12288 Data size: 2641964 Basic stats: COMPLETE Column stats: NONE
                    Select Operator
                      expressions: csmallint (type: smallint), CASE WHEN ((csmallint = 418)) THEN ('a') WHEN ((csmallint = 12205)) THEN ('b') ELSE (null) END (type: string), CASE WHEN ((csmallint = 418)) THEN ('a') WHEN ((csmallint = 12205)) THEN (null) ELSE ('c') END (type: string)
                      outputColumnNames: _col0, _col1, _col2
                      Statistics: Num rows: 12288 Data size: 2641964 Basic stats: COMPLETE Column stats: NONE
                      File Output Operator
                        compressed: false
                        Statistics: Num rows: 12288 Data size: 2641964 Basic stats: COMPLETE Column stats: NONE
                        table:
                            input format: org.apache.hadoop.mapred.SequenceFileInputFormat
                            output format: org.apache.hadoop.hive.ql.io.HiveSequenceFileOutputFormat
                            serde: org.apache.hadoop.hive.serde2.lazy.LazySimpleSerDe
            Execution mode: vectorized, llap
            LLAP IO: all inputs

  Stage: Stage-0
    Fetch Operator
      limit: -1
      Processor Tree:
        ListSink

PREHOOK: query: explain
select 
  sum(case when cint % 2 = 0 then 1 else 0 end) as ceven,
  sum(case when cint % 2 = 1 then 1 else 0 end) as codd
from alltypesorc
PREHOOK: type: QUERY
POSTHOOK: query: explain
select 
  sum(case when cint % 2 = 0 then 1 else 0 end) as ceven,
  sum(case when cint % 2 = 1 then 1 else 0 end) as codd
from alltypesorc
POSTHOOK: type: QUERY
STAGE DEPENDENCIES:
  Stage-1 is a root stage
  Stage-0 depends on stages: Stage-1

STAGE PLANS:
  Stage: Stage-1
    Tez
#### A masked pattern was here ####
      Edges:
        Reducer 2 <- Map 1 (SIMPLE_EDGE)
#### A masked pattern was here ####
      Vertices:
        Map 1 
            Map Operator Tree:
                TableScan
                  alias: alltypesorc
                  Statistics: Num rows: 12288 Data size: 2641964 Basic stats: COMPLETE Column stats: NONE
                  Select Operator
                    expressions: CASE WHEN (((cint % 2) = 0)) THEN (1) ELSE (0) END (type: int), CASE WHEN (((cint % 2) = 1)) THEN (1) ELSE (0) END (type: int)
                    outputColumnNames: _col0, _col1
                    Statistics: Num rows: 12288 Data size: 2641964 Basic stats: COMPLETE Column stats: NONE
                    Group By Operator
                      aggregations: sum(_col0), sum(_col1)
                      mode: hash
                      outputColumnNames: _col0, _col1
                      Statistics: Num rows: 1 Data size: 16 Basic stats: COMPLETE Column stats: NONE
                      Reduce Output Operator
                        sort order: 
                        Statistics: Num rows: 1 Data size: 16 Basic stats: COMPLETE Column stats: NONE
                        value expressions: _col0 (type: bigint), _col1 (type: bigint)
            Execution mode: vectorized, llap
            LLAP IO: all inputs
        Reducer 2 
            Execution mode: vectorized, llap
            Reduce Operator Tree:
              Group By Operator
                aggregations: sum(VALUE._col0), sum(VALUE._col1)
                mode: mergepartial
                outputColumnNames: _col0, _col1
                Statistics: Num rows: 1 Data size: 16 Basic stats: COMPLETE Column stats: NONE
                File Output Operator
                  compressed: false
                  Statistics: Num rows: 1 Data size: 16 Basic stats: COMPLETE Column stats: NONE
                  table:
                      input format: org.apache.hadoop.mapred.SequenceFileInputFormat
                      output format: org.apache.hadoop.hive.ql.io.HiveSequenceFileOutputFormat
                      serde: org.apache.hadoop.hive.serde2.lazy.LazySimpleSerDe

  Stage: Stage-0
    Fetch Operator
      limit: -1
      Processor Tree:
        ListSink

PREHOOK: query: select 
  sum(case when cint % 2 = 0 then 1 else 0 end) as ceven,
  sum(case when cint % 2 = 1 then 1 else 0 end) as codd
from alltypesorc
PREHOOK: type: QUERY
PREHOOK: Input: default@alltypesorc
#### A masked pattern was here ####
POSTHOOK: query: select 
  sum(case when cint % 2 = 0 then 1 else 0 end) as ceven,
  sum(case when cint % 2 = 1 then 1 else 0 end) as codd
from alltypesorc
POSTHOOK: type: QUERY
POSTHOOK: Input: default@alltypesorc
#### A masked pattern was here ####
5110	4607
PREHOOK: query: explain
select 
  sum(case when cint % 2 = 0 then cint else 0 end) as ceven,
  sum(case when cint % 2 = 1 then cint else 0 end) as codd
from alltypesorc
PREHOOK: type: QUERY
POSTHOOK: query: explain
select 
  sum(case when cint % 2 = 0 then cint else 0 end) as ceven,
  sum(case when cint % 2 = 1 then cint else 0 end) as codd
from alltypesorc
POSTHOOK: type: QUERY
STAGE DEPENDENCIES:
  Stage-1 is a root stage
  Stage-0 depends on stages: Stage-1

STAGE PLANS:
  Stage: Stage-1
    Tez
#### A masked pattern was here ####
      Edges:
        Reducer 2 <- Map 1 (SIMPLE_EDGE)
#### A masked pattern was here ####
      Vertices:
        Map 1 
            Map Operator Tree:
                TableScan
                  alias: alltypesorc
                  Statistics: Num rows: 12288 Data size: 2641964 Basic stats: COMPLETE Column stats: NONE
                  Select Operator
                    expressions: CASE WHEN (((cint % 2) = 0)) THEN (cint) ELSE (0) END (type: int), CASE WHEN (((cint % 2) = 1)) THEN (cint) ELSE (0) END (type: int)
                    outputColumnNames: _col0, _col1
                    Statistics: Num rows: 12288 Data size: 2641964 Basic stats: COMPLETE Column stats: NONE
                    Group By Operator
                      aggregations: sum(_col0), sum(_col1)
                      mode: hash
                      outputColumnNames: _col0, _col1
                      Statistics: Num rows: 1 Data size: 16 Basic stats: COMPLETE Column stats: NONE
                      Reduce Output Operator
                        sort order: 
                        Statistics: Num rows: 1 Data size: 16 Basic stats: COMPLETE Column stats: NONE
                        value expressions: _col0 (type: bigint), _col1 (type: bigint)
            Execution mode: vectorized, llap
            LLAP IO: all inputs
        Reducer 2 
            Execution mode: vectorized, llap
            Reduce Operator Tree:
              Group By Operator
                aggregations: sum(VALUE._col0), sum(VALUE._col1)
                mode: mergepartial
                outputColumnNames: _col0, _col1
                Statistics: Num rows: 1 Data size: 16 Basic stats: COMPLETE Column stats: NONE
                File Output Operator
                  compressed: false
                  Statistics: Num rows: 1 Data size: 16 Basic stats: COMPLETE Column stats: NONE
                  table:
                      input format: org.apache.hadoop.mapred.SequenceFileInputFormat
                      output format: org.apache.hadoop.hive.ql.io.HiveSequenceFileOutputFormat
                      serde: org.apache.hadoop.hive.serde2.lazy.LazySimpleSerDe

  Stage: Stage-0
    Fetch Operator
      limit: -1
      Processor Tree:
        ListSink

PREHOOK: query: select 
  sum(case when cint % 2 = 0 then cint else 0 end) as ceven,
  sum(case when cint % 2 = 1 then cint else 0 end) as codd
from alltypesorc
PREHOOK: type: QUERY
PREHOOK: Input: default@alltypesorc
#### A masked pattern was here ####
POSTHOOK: query: select 
  sum(case when cint % 2 = 0 then cint else 0 end) as ceven,
  sum(case when cint % 2 = 1 then cint else 0 end) as codd
from alltypesorc
POSTHOOK: type: QUERY
POSTHOOK: Input: default@alltypesorc
#### A masked pattern was here ####
248718130534	1995744891643
