PREHOOK: query: CREATE EXTERNAL TABLE druid_table_1
STORED BY 'org.apache.hadoop.hive.druid.QTestDruidStorageHandler'
TBLPROPERTIES ("druid.datasource" = "wikipedia")
PREHOOK: type: CREATETABLE
PREHOOK: Output: database:default
PREHOOK: Output: default@druid_table_1
POSTHOOK: query: CREATE EXTERNAL TABLE druid_table_1
STORED BY 'org.apache.hadoop.hive.druid.QTestDruidStorageHandler'
TBLPROPERTIES ("druid.datasource" = "wikipedia")
POSTHOOK: type: CREATETABLE
POSTHOOK: Output: database:default
POSTHOOK: Output: default@druid_table_1
PREHOOK: query: EXPLAIN SELECT MONTH(`__time`), count(*), page FROM druid_table_1
Where page BETWEEN 1 AND 3 GROUP BY MONTH(`__time`), page
PREHOOK: type: QUERY
POSTHOOK: query: EXPLAIN SELECT MONTH(`__time`), count(*), page FROM druid_table_1
Where page BETWEEN 1 AND 3 GROUP BY MONTH(`__time`), page
POSTHOOK: type: QUERY
STAGE DEPENDENCIES:
  Stage-0 is a root stage

STAGE PLANS:
  Stage: Stage-0
    Fetch Operator
      limit: -1
      Processor Tree:
        TableScan
          alias: druid_table_1
          properties:
            druid.query.json {"queryType":"groupBy","dataSource":"wikipedia","granularity":"all","dimensions":[{"type":"extraction","dimension":"__time","outputName":"extract_month","extractionFn":{"type":"timeFormat","format":"M","timeZone":"UTC","locale":"en-US"}},{"type":"default","dimension":"page"}],"limitSpec":{"type":"default"},"filter":{"type":"bound","dimension":"page","lower":"1","lowerStrict":false,"upper":"3","upperStrict":false,"ordering":"numeric"},"aggregations":[{"type":"count","name":"$f2"}],"intervals":["1900-01-01T00:00:00.000/3000-01-01T00:00:00.000"]}
            druid.query.type groupBy
          Statistics: Num rows: 1 Data size: 0 Basic stats: PARTIAL Column stats: NONE
          Select Operator
            expressions: extract_month (type: int), $f2 (type: bigint), page (type: string)
            outputColumnNames: _col0, _col1, _col2
            Statistics: Num rows: 1 Data size: 0 Basic stats: PARTIAL Column stats: NONE
            ListSink

PREHOOK: query: EXPLAIN SELECT MONTH(`__time`), count(*), page FROM druid_table_1
Where page BETWEEN 1.0 AND 3.0 GROUP BY MONTH(`__time`), page
PREHOOK: type: QUERY
POSTHOOK: query: EXPLAIN SELECT MONTH(`__time`), count(*), page FROM druid_table_1
Where page BETWEEN 1.0 AND 3.0 GROUP BY MONTH(`__time`), page
POSTHOOK: type: QUERY
STAGE DEPENDENCIES:
  Stage-0 is a root stage

STAGE PLANS:
  Stage: Stage-0
    Fetch Operator
      limit: -1
      Processor Tree:
        TableScan
          alias: druid_table_1
          properties:
            druid.query.json {"queryType":"groupBy","dataSource":"wikipedia","granularity":"all","dimensions":[{"type":"extraction","dimension":"__time","outputName":"extract_month","extractionFn":{"type":"timeFormat","format":"M","timeZone":"UTC","locale":"en-US"}},{"type":"default","dimension":"page"}],"limitSpec":{"type":"default"},"filter":{"type":"bound","dimension":"page","lower":"1.0","lowerStrict":false,"upper":"3.0","upperStrict":false,"ordering":"numeric"},"aggregations":[{"type":"count","name":"$f2"}],"intervals":["1900-01-01T00:00:00.000/3000-01-01T00:00:00.000"]}
            druid.query.type groupBy
          Statistics: Num rows: 1 Data size: 0 Basic stats: PARTIAL Column stats: NONE
          Select Operator
            expressions: extract_month (type: int), $f2 (type: bigint), page (type: string)
            outputColumnNames: _col0, _col1, _col2
            Statistics: Num rows: 1 Data size: 0 Basic stats: PARTIAL Column stats: NONE
            ListSink

PREHOOK: query: EXPLAIN SELECT MONTH(`__time`), count(*), page FROM druid_table_1
Where cast(page as float) BETWEEN 1.0 AND 3.0 GROUP BY MONTH(`__time`), page
PREHOOK: type: QUERY
POSTHOOK: query: EXPLAIN SELECT MONTH(`__time`), count(*), page FROM druid_table_1
Where cast(page as float) BETWEEN 1.0 AND 3.0 GROUP BY MONTH(`__time`), page
POSTHOOK: type: QUERY
STAGE DEPENDENCIES:
  Stage-1 is a root stage
  Stage-0 depends on stages: Stage-1

STAGE PLANS:
  Stage: Stage-1
    Map Reduce
      Map Operator Tree:
          TableScan
            alias: druid_table_1
            filterExpr: UDFToDouble(UDFToFloat(page)) BETWEEN 1.0 AND 3.0 (type: boolean)
            properties:
              druid.query.json {"queryType":"select","dataSource":"wikipedia","descending":false,"intervals":["1900-01-01T00:00:00.000/3000-01-01T00:00:00.000"],"dimensions":["robot","namespace","anonymous","unpatrolled","page","language","newpage","user"],"metrics":["count","added","delta","variation","deleted"],"granularity":"all","pagingSpec":{"threshold":16384,"fromNext":true},"context":{"druid.query.fetch":false}}
              druid.query.type select
            Statistics: Num rows: 1 Data size: 0 Basic stats: PARTIAL Column stats: NONE
            Filter Operator
              predicate: UDFToDouble(UDFToFloat(page)) BETWEEN 1.0 AND 3.0 (type: boolean)
              Statistics: Num rows: 1 Data size: 0 Basic stats: PARTIAL Column stats: NONE
              Select Operator
                expressions: month(__time) (type: int), page (type: string)
                outputColumnNames: _col0, _col1
                Statistics: Num rows: 1 Data size: 0 Basic stats: PARTIAL Column stats: NONE
                Group By Operator
                  aggregations: count()
                  keys: _col0 (type: int), _col1 (type: string)
                  mode: hash
                  outputColumnNames: _col0, _col1, _col2
                  Statistics: Num rows: 1 Data size: 0 Basic stats: PARTIAL Column stats: NONE
                  Reduce Output Operator
                    key expressions: _col0 (type: int), _col1 (type: string)
                    sort order: ++
                    Map-reduce partition columns: _col0 (type: int), _col1 (type: string)
                    Statistics: Num rows: 1 Data size: 0 Basic stats: PARTIAL Column stats: NONE
                    value expressions: _col2 (type: bigint)
      Reduce Operator Tree:
        Group By Operator
          aggregations: count(VALUE._col0)
          keys: KEY._col0 (type: int), KEY._col1 (type: string)
          mode: mergepartial
          outputColumnNames: _col0, _col1, _col2
          Statistics: Num rows: 1 Data size: 0 Basic stats: PARTIAL Column stats: NONE
          Select Operator
            expressions: _col0 (type: int), _col2 (type: bigint), _col1 (type: string)
            outputColumnNames: _col0, _col1, _col2
            Statistics: Num rows: 1 Data size: 0 Basic stats: PARTIAL Column stats: NONE
            File Output Operator
              compressed: false
              Statistics: Num rows: 1 Data size: 0 Basic stats: PARTIAL Column stats: NONE
              table:
                  input format: org.apache.hadoop.mapred.SequenceFileInputFormat
                  output format: org.apache.hadoop.hive.ql.io.HiveSequenceFileOutputFormat
                  serde: org.apache.hadoop.hive.serde2.lazy.LazySimpleSerDe

  Stage: Stage-0
    Fetch Operator
      limit: -1
      Processor Tree:
        ListSink

PREHOOK: query: EXPLAIN SELECT MONTH(`__time`), count(*), page FROM druid_table_1
Where cast(page as integer) BETWEEN 1 AND 3 GROUP BY MONTH(`__time`), page
PREHOOK: type: QUERY
POSTHOOK: query: EXPLAIN SELECT MONTH(`__time`), count(*), page FROM druid_table_1
Where cast(page as integer) BETWEEN 1 AND 3 GROUP BY MONTH(`__time`), page
POSTHOOK: type: QUERY
STAGE DEPENDENCIES:
  Stage-0 is a root stage

STAGE PLANS:
  Stage: Stage-0
    Fetch Operator
      limit: -1
      Processor Tree:
        TableScan
          alias: druid_table_1
          properties:
            druid.query.json {"queryType":"groupBy","dataSource":"wikipedia","granularity":"all","dimensions":[{"type":"extraction","dimension":"__time","outputName":"extract_month","extractionFn":{"type":"timeFormat","format":"M","timeZone":"UTC","locale":"en-US"}},{"type":"default","dimension":"page"}],"limitSpec":{"type":"default"},"filter":{"type":"bound","dimension":"page","lower":"1","lowerStrict":false,"upper":"3","upperStrict":false,"ordering":"numeric"},"aggregations":[{"type":"count","name":"$f2"}],"intervals":["1900-01-01T00:00:00.000/3000-01-01T00:00:00.000"]}
            druid.query.type groupBy
          Statistics: Num rows: 1 Data size: 0 Basic stats: PARTIAL Column stats: NONE
          Select Operator
            expressions: extract_month (type: int), $f2 (type: bigint), page (type: string)
            outputColumnNames: _col0, _col1, _col2
            Statistics: Num rows: 1 Data size: 0 Basic stats: PARTIAL Column stats: NONE
            ListSink

PREHOOK: query: EXPLAIN SELECT page from druid_table_1 WHERE cast(page as integer) < 5 group by page
PREHOOK: type: QUERY
POSTHOOK: query: EXPLAIN SELECT page from druid_table_1 WHERE cast(page as integer) < 5 group by page
POSTHOOK: type: QUERY
STAGE DEPENDENCIES:
  Stage-0 is a root stage

STAGE PLANS:
  Stage: Stage-0
    Fetch Operator
      limit: -1
      Processor Tree:
        TableScan
          alias: druid_table_1
          properties:
            druid.query.json {"queryType":"groupBy","dataSource":"wikipedia","granularity":"all","dimensions":[{"type":"default","dimension":"page"}],"limitSpec":{"type":"default"},"filter":{"type":"bound","dimension":"page","upper":"5","upperStrict":true,"ordering":"numeric"},"aggregations":[{"type":"longSum","name":"dummy_agg","fieldName":"dummy_agg"}],"intervals":["1900-01-01T00:00:00.000/3000-01-01T00:00:00.000"]}
            druid.query.type groupBy
          Statistics: Num rows: 1 Data size: 0 Basic stats: PARTIAL Column stats: NONE
          Select Operator
            expressions: page (type: string)
            outputColumnNames: _col0
            Statistics: Num rows: 1 Data size: 0 Basic stats: PARTIAL Column stats: NONE
            ListSink

PREHOOK: query: EXPLAIN SELECT page from druid_table_1 WHERE page < 5 group by page
PREHOOK: type: QUERY
POSTHOOK: query: EXPLAIN SELECT page from druid_table_1 WHERE page < 5 group by page
POSTHOOK: type: QUERY
STAGE DEPENDENCIES:
  Stage-0 is a root stage

STAGE PLANS:
  Stage: Stage-0
    Fetch Operator
      limit: -1
      Processor Tree:
        TableScan
          alias: druid_table_1
          properties:
            druid.query.json {"queryType":"groupBy","dataSource":"wikipedia","granularity":"all","dimensions":[{"type":"default","dimension":"page"}],"limitSpec":{"type":"default"},"filter":{"type":"bound","dimension":"page","upper":"5","upperStrict":true,"ordering":"numeric"},"aggregations":[{"type":"longSum","name":"dummy_agg","fieldName":"dummy_agg"}],"intervals":["1900-01-01T00:00:00.000/3000-01-01T00:00:00.000"]}
            druid.query.type groupBy
          Statistics: Num rows: 1 Data size: 0 Basic stats: PARTIAL Column stats: NONE
          Select Operator
            expressions: page (type: string)
            outputColumnNames: _col0
            Statistics: Num rows: 1 Data size: 0 Basic stats: PARTIAL Column stats: NONE
            ListSink

PREHOOK: query: EXPLAIN SELECT page from druid_table_1 WHERE page < 5.0 group by page
PREHOOK: type: QUERY
POSTHOOK: query: EXPLAIN SELECT page from druid_table_1 WHERE page < 5.0 group by page
POSTHOOK: type: QUERY
STAGE DEPENDENCIES:
  Stage-0 is a root stage

STAGE PLANS:
  Stage: Stage-0
    Fetch Operator
      limit: -1
      Processor Tree:
        TableScan
          alias: druid_table_1
          properties:
            druid.query.json {"queryType":"groupBy","dataSource":"wikipedia","granularity":"all","dimensions":[{"type":"default","dimension":"page"}],"limitSpec":{"type":"default"},"filter":{"type":"bound","dimension":"page","upper":"5.0","upperStrict":true,"ordering":"numeric"},"aggregations":[{"type":"longSum","name":"dummy_agg","fieldName":"dummy_agg"}],"intervals":["1900-01-01T00:00:00.000/3000-01-01T00:00:00.000"]}
            druid.query.type groupBy
          Statistics: Num rows: 1 Data size: 0 Basic stats: PARTIAL Column stats: NONE
          Select Operator
            expressions: page (type: string)
            outputColumnNames: _col0
            Statistics: Num rows: 1 Data size: 0 Basic stats: PARTIAL Column stats: NONE
            ListSink

PREHOOK: query: EXPLAIN SELECT page from druid_table_1 WHERE page < '5' group by page
PREHOOK: type: QUERY
POSTHOOK: query: EXPLAIN SELECT page from druid_table_1 WHERE page < '5' group by page
POSTHOOK: type: QUERY
STAGE DEPENDENCIES:
  Stage-0 is a root stage

STAGE PLANS:
  Stage: Stage-0
    Fetch Operator
      limit: -1
      Processor Tree:
        TableScan
          alias: druid_table_1
          properties:
            druid.query.json {"queryType":"groupBy","dataSource":"wikipedia","granularity":"all","dimensions":[{"type":"default","dimension":"page"}],"limitSpec":{"type":"default"},"filter":{"type":"bound","dimension":"page","upper":"5","upperStrict":true,"ordering":"lexicographic"},"aggregations":[{"type":"longSum","name":"dummy_agg","fieldName":"dummy_agg"}],"intervals":["1900-01-01T00:00:00.000/3000-01-01T00:00:00.000"]}
            druid.query.type groupBy
          Statistics: Num rows: 1 Data size: 0 Basic stats: PARTIAL Column stats: NONE
          Select Operator
            expressions: page (type: string)
            outputColumnNames: _col0
            Statistics: Num rows: 1 Data size: 0 Basic stats: PARTIAL Column stats: NONE
            ListSink

