PREHOOK: query: CREATE EXTERNAL TABLE druid_table_1
STORED BY 'org.apache.hadoop.hive.druid.QTestDruidStorageHandler'
TBLPROPERTIES ("druid.datasource" = "wikipedia")
PREHOOK: type: CREATETABLE
PREHOOK: Output: database:default
PREHOOK: Output: default@druid_table_1
POSTHOOK: query: CREATE EXTERNAL TABLE druid_table_1
STORED BY 'org.apache.hadoop.hive.druid.QTestDruidStorageHandler'
TBLPROPERTIES ("druid.datasource" = "wikipedia")
POSTHOOK: type: CREATETABLE
POSTHOOK: Output: database:default
POSTHOOK: Output: default@druid_table_1
PREHOOK: query: EXPLAIN
SELECT max(added), sum(variation), MONTH(`__time`)
FROM druid_table_1 GROUP BY MONTH(`__time`)
PREHOOK: type: QUERY
POSTHOOK: query: EXPLAIN
SELECT max(added), sum(variation), MONTH(`__time`)
FROM druid_table_1 GROUP BY MONTH(`__time`)
POSTHOOK: type: QUERY
STAGE DEPENDENCIES:
  Stage-0 is a root stage

STAGE PLANS:
  Stage: Stage-0
    Fetch Operator
      limit: -1
      Processor Tree:
        TableScan
          alias: druid_table_1
          properties:
            druid.query.json {"queryType":"groupBy","dataSource":"wikipedia","granularity":"all","dimensions":[{"type":"extraction","dimension":"__time","outputName":"extract_month","extractionFn":{"type":"timeFormat","format":"M","timeZone":"UTC","locale":"en-US"}}],"limitSpec":{"type":"default"},"aggregations":[{"type":"doubleMax","name":"$f1","fieldName":"added"},{"type":"doubleSum","name":"$f2","fieldName":"variation"}],"intervals":["1900-01-01T00:00:00.000/3000-01-01T00:00:00.000"]}
            druid.query.type groupBy
          Statistics: Num rows: 1 Data size: 0 Basic stats: PARTIAL Column stats: NONE
          Select Operator
            expressions: $f1 (type: float), $f2 (type: float), extract_month (type: int)
            outputColumnNames: _col0, _col1, _col2
            Statistics: Num rows: 1 Data size: 0 Basic stats: PARTIAL Column stats: NONE
            ListSink

PREHOOK: query: EXPLAIN
SELECT max(added), sum(variation)
FROM druid_table_1 WHERE MONTH(`__time`) = 1
PREHOOK: type: QUERY
POSTHOOK: query: EXPLAIN
SELECT max(added), sum(variation)
FROM druid_table_1 WHERE MONTH(`__time`) = 1
POSTHOOK: type: QUERY
STAGE DEPENDENCIES:
  Stage-0 is a root stage

STAGE PLANS:
  Stage: Stage-0
    Fetch Operator
      limit: -1
      Processor Tree:
        TableScan
          alias: druid_table_1
          properties:
            druid.query.json {"queryType":"timeseries","dataSource":"wikipedia","descending":false,"granularity":"all","filter":{"type":"selector","dimension":"__time","value":"1","extractionFn":{"type":"timeFormat","format":"M","timeZone":"UTC","locale":"en-US"}},"aggregations":[{"type":"doubleMax","name":"$f0","fieldName":"added"},{"type":"doubleSum","name":"$f1","fieldName":"variation"}],"intervals":["1900-01-01T00:00:00.000/3000-01-01T00:00:00.000"],"context":{"skipEmptyBuckets":true}}
            druid.query.type timeseries
          Statistics: Num rows: 1 Data size: 0 Basic stats: PARTIAL Column stats: NONE
          Select Operator
            expressions: $f0 (type: float), $f1 (type: float)
            outputColumnNames: _col0, _col1
            Statistics: Num rows: 1 Data size: 0 Basic stats: PARTIAL Column stats: NONE
            ListSink

PREHOOK: query: EXPLAIN
SELECT MONTH(`__time`), count(*) FROM druid_table_1 GROUP BY MONTH(`__time`)
PREHOOK: type: QUERY
POSTHOOK: query: EXPLAIN
SELECT MONTH(`__time`), count(*) FROM druid_table_1 GROUP BY MONTH(`__time`)
POSTHOOK: type: QUERY
STAGE DEPENDENCIES:
  Stage-0 is a root stage

STAGE PLANS:
  Stage: Stage-0
    Fetch Operator
      limit: -1
      Processor Tree:
        TableScan
          alias: druid_table_1
          properties:
            druid.query.json {"queryType":"groupBy","dataSource":"wikipedia","granularity":"all","dimensions":[{"type":"extraction","dimension":"__time","outputName":"extract_month","extractionFn":{"type":"timeFormat","format":"M","timeZone":"UTC","locale":"en-US"}}],"limitSpec":{"type":"default"},"aggregations":[{"type":"count","name":"$f1"}],"intervals":["1900-01-01T00:00:00.000/3000-01-01T00:00:00.000"]}
            druid.query.type groupBy
          Statistics: Num rows: 1 Data size: 0 Basic stats: PARTIAL Column stats: NONE
          Select Operator
            expressions: extract_month (type: int), $f1 (type: bigint)
            outputColumnNames: _col0, _col1
            Statistics: Num rows: 1 Data size: 0 Basic stats: PARTIAL Column stats: NONE
            ListSink

PREHOOK: query: EXPLAIN
SELECT FLOOR_YEAR(`__time`), count(*) FROM druid_table_1 GROUP BY FLOOR_YEAR(`__time`)
PREHOOK: type: QUERY
POSTHOOK: query: EXPLAIN
SELECT FLOOR_YEAR(`__time`), count(*) FROM druid_table_1 GROUP BY FLOOR_YEAR(`__time`)
POSTHOOK: type: QUERY
STAGE DEPENDENCIES:
  Stage-0 is a root stage

STAGE PLANS:
  Stage: Stage-0
    Fetch Operator
      limit: -1
      Processor Tree:
        TableScan
          alias: druid_table_1
          properties:
            druid.query.json {"queryType":"timeseries","dataSource":"wikipedia","descending":false,"granularity":"year","aggregations":[{"type":"count","name":"$f1"}],"intervals":["1900-01-01T00:00:00.000/3000-01-01T00:00:00.000"],"context":{"skipEmptyBuckets":true}}
            druid.query.type timeseries
          Statistics: Num rows: 1 Data size: 0 Basic stats: PARTIAL Column stats: NONE
          Select Operator
            expressions: __time (type: timestamp), $f1 (type: bigint)
            outputColumnNames: _col0, _col1
            Statistics: Num rows: 1 Data size: 0 Basic stats: PARTIAL Column stats: NONE
            ListSink

PREHOOK: query: EXPLAIN
SELECT FLOOR_MONTH(`__time`), count(*) FROM druid_table_1 GROUP BY FLOOR_MONTH(`__time`)
PREHOOK: type: QUERY
POSTHOOK: query: EXPLAIN
SELECT FLOOR_MONTH(`__time`), count(*) FROM druid_table_1 GROUP BY FLOOR_MONTH(`__time`)
POSTHOOK: type: QUERY
STAGE DEPENDENCIES:
  Stage-0 is a root stage

STAGE PLANS:
  Stage: Stage-0
    Fetch Operator
      limit: -1
      Processor Tree:
        TableScan
          alias: druid_table_1
          properties:
            druid.query.json {"queryType":"timeseries","dataSource":"wikipedia","descending":false,"granularity":"month","aggregations":[{"type":"count","name":"$f1"}],"intervals":["1900-01-01T00:00:00.000/3000-01-01T00:00:00.000"],"context":{"skipEmptyBuckets":true}}
            druid.query.type timeseries
          Statistics: Num rows: 1 Data size: 0 Basic stats: PARTIAL Column stats: NONE
          Select Operator
            expressions: __time (type: timestamp), $f1 (type: bigint)
            outputColumnNames: _col0, _col1
            Statistics: Num rows: 1 Data size: 0 Basic stats: PARTIAL Column stats: NONE
            ListSink

PREHOOK: query: EXPLAIN
SELECT MONTH(`__time`), count(*), max(added), page
FROM druid_table_1 WHERE page IN ('(274020) Skywalker', '(266) Aline') GROUP BY MONTH(`__time`), page
PREHOOK: type: QUERY
POSTHOOK: query: EXPLAIN
SELECT MONTH(`__time`), count(*), max(added), page
FROM druid_table_1 WHERE page IN ('(274020) Skywalker', '(266) Aline') GROUP BY MONTH(`__time`), page
POSTHOOK: type: QUERY
STAGE DEPENDENCIES:
  Stage-0 is a root stage

STAGE PLANS:
  Stage: Stage-0
    Fetch Operator
      limit: -1
      Processor Tree:
        TableScan
          alias: druid_table_1
          properties:
            druid.query.json {"queryType":"groupBy","dataSource":"wikipedia","granularity":"all","dimensions":[{"type":"extraction","dimension":"__time","outputName":"extract_month","extractionFn":{"type":"timeFormat","format":"M","timeZone":"UTC","locale":"en-US"}},{"type":"default","dimension":"page"}],"limitSpec":{"type":"default"},"filter":{"type":"in","dimension":"page","values":["(274020) Skywalker","(266) Aline"]},"aggregations":[{"type":"count","name":"$f2"},{"type":"doubleMax","name":"$f3","fieldName":"added"}],"intervals":["1900-01-01T00:00:00.000/3000-01-01T00:00:00.000"]}
            druid.query.type groupBy
          Statistics: Num rows: 1 Data size: 0 Basic stats: PARTIAL Column stats: NONE
          Select Operator
            expressions: extract_month (type: int), $f2 (type: bigint), $f3 (type: float), page (type: string)
            outputColumnNames: _col0, _col1, _col2, _col3
            Statistics: Num rows: 1 Data size: 0 Basic stats: PARTIAL Column stats: NONE
            ListSink

PREHOOK: query: EXPLAIN
SELECT MONTH(`__time`), count(*), max(added), page
FROM druid_table_1 WHERE YEAR(`__time`) = 2015 GROUP BY MONTH(`__time`), page
PREHOOK: type: QUERY
POSTHOOK: query: EXPLAIN
SELECT MONTH(`__time`), count(*), max(added), page
FROM druid_table_1 WHERE YEAR(`__time`) = 2015 GROUP BY MONTH(`__time`), page
POSTHOOK: type: QUERY
STAGE DEPENDENCIES:
  Stage-0 is a root stage

STAGE PLANS:
  Stage: Stage-0
    Fetch Operator
      limit: -1
      Processor Tree:
        TableScan
          alias: druid_table_1
          properties:
            druid.query.json {"queryType":"groupBy","dataSource":"wikipedia","granularity":"all","dimensions":[{"type":"extraction","dimension":"__time","outputName":"extract_month","extractionFn":{"type":"timeFormat","format":"M","timeZone":"UTC","locale":"en-US"}},{"type":"default","dimension":"page"}],"limitSpec":{"type":"default"},"filter":{"type":"selector","dimension":"__time","value":"2015","extractionFn":{"type":"timeFormat","format":"yyyy","timeZone":"UTC","locale":"en-US"}},"aggregations":[{"type":"count","name":"$f2"},{"type":"doubleMax","name":"$f3","fieldName":"added"}],"intervals":["1900-01-01T00:00:00.000/3000-01-01T00:00:00.000"]}
            druid.query.type groupBy
          Statistics: Num rows: 1 Data size: 0 Basic stats: PARTIAL Column stats: NONE
          Select Operator
            expressions: extract_month (type: int), $f2 (type: bigint), $f3 (type: float), page (type: string)
            outputColumnNames: _col0, _col1, _col2, _col3
            Statistics: Num rows: 1 Data size: 0 Basic stats: PARTIAL Column stats: NONE
            ListSink

PREHOOK: query: EXPLAIN
SELECT MONTH(`__time`), count(*), max(added), page FROM druid_table_1 WHERE YEAR(`__time`) < 2016
GROUP BY MONTH(`__time`), page
PREHOOK: type: QUERY
POSTHOOK: query: EXPLAIN
SELECT MONTH(`__time`), count(*), max(added), page FROM druid_table_1 WHERE YEAR(`__time`) < 2016
GROUP BY MONTH(`__time`), page
POSTHOOK: type: QUERY
STAGE DEPENDENCIES:
  Stage-0 is a root stage

STAGE PLANS:
  Stage: Stage-0
    Fetch Operator
      limit: -1
      Processor Tree:
        TableScan
          alias: druid_table_1
          properties:
            druid.query.json {"queryType":"groupBy","dataSource":"wikipedia","granularity":"all","dimensions":[{"type":"extraction","dimension":"__time","outputName":"extract_month","extractionFn":{"type":"timeFormat","format":"M","timeZone":"UTC","locale":"en-US"}},{"type":"default","dimension":"page"}],"limitSpec":{"type":"default"},"filter":{"type":"bound","dimension":"__time","upper":"2016","upperStrict":true,"ordering":"numeric","extractionFn":{"type":"timeFormat","format":"yyyy","timeZone":"UTC","locale":"en-US"}},"aggregations":[{"type":"count","name":"$f2"},{"type":"doubleMax","name":"$f3","fieldName":"added"}],"intervals":["1900-01-01T00:00:00.000/3000-01-01T00:00:00.000"]}
            druid.query.type groupBy
          Statistics: Num rows: 1 Data size: 0 Basic stats: PARTIAL Column stats: NONE
          Select Operator
            expressions: extract_month (type: int), $f2 (type: bigint), $f3 (type: float), page (type: string)
            outputColumnNames: _col0, _col1, _col2, _col3
            Statistics: Num rows: 1 Data size: 0 Basic stats: PARTIAL Column stats: NONE
            ListSink

PREHOOK: query: EXPLAIN
SELECT YEAR(`__time`), count(*) FROM druid_table_1 WHERE MONTH(`__time`) = 9 GROUP BY YEAR(`__time`)
PREHOOK: type: QUERY
POSTHOOK: query: EXPLAIN
SELECT YEAR(`__time`), count(*) FROM druid_table_1 WHERE MONTH(`__time`) = 9 GROUP BY YEAR(`__time`)
POSTHOOK: type: QUERY
STAGE DEPENDENCIES:
  Stage-0 is a root stage

STAGE PLANS:
  Stage: Stage-0
    Fetch Operator
      limit: -1
      Processor Tree:
        TableScan
          alias: druid_table_1
          properties:
            druid.query.json {"queryType":"groupBy","dataSource":"wikipedia","granularity":"all","dimensions":[{"type":"extraction","dimension":"__time","outputName":"extract_year","extractionFn":{"type":"timeFormat","format":"yyyy","timeZone":"UTC","locale":"en-US"}}],"limitSpec":{"type":"default"},"filter":{"type":"selector","dimension":"__time","value":"9","extractionFn":{"type":"timeFormat","format":"M","timeZone":"UTC","locale":"en-US"}},"aggregations":[{"type":"count","name":"$f1"}],"intervals":["1900-01-01T00:00:00.000/3000-01-01T00:00:00.000"]}
            druid.query.type groupBy
          Statistics: Num rows: 1 Data size: 0 Basic stats: PARTIAL Column stats: NONE
          Select Operator
            expressions: extract_year (type: int), $f1 (type: bigint)
            outputColumnNames: _col0, _col1
            Statistics: Num rows: 1 Data size: 0 Basic stats: PARTIAL Column stats: NONE
            ListSink

PREHOOK: query: EXPLAIN
SELECT MONTH(`__time`), count(*), max(added) as a, page
FROM druid_table_1 WHERE YEAR(`__time`) = 2015 GROUP BY MONTH(`__time`), page ORDER BY a DESC LIMIT 2
PREHOOK: type: QUERY
POSTHOOK: query: EXPLAIN
SELECT MONTH(`__time`), count(*), max(added) as a, page
FROM druid_table_1 WHERE YEAR(`__time`) = 2015 GROUP BY MONTH(`__time`), page ORDER BY a DESC LIMIT 2
POSTHOOK: type: QUERY
STAGE DEPENDENCIES:
  Stage-0 is a root stage

STAGE PLANS:
  Stage: Stage-0
    Fetch Operator
      limit: -1
      Processor Tree:
        TableScan
          alias: druid_table_1
          properties:
            druid.query.json {"queryType":"groupBy","dataSource":"wikipedia","granularity":"all","dimensions":[{"type":"extraction","dimension":"__time","outputName":"extract_month","extractionFn":{"type":"timeFormat","format":"M","timeZone":"UTC","locale":"en-US"}},{"type":"default","dimension":"page"}],"limitSpec":{"type":"default","limit":2,"columns":[{"dimension":"$f3","direction":"descending","dimensionOrder":"numeric"}]},"filter":{"type":"selector","dimension":"__time","value":"2015","extractionFn":{"type":"timeFormat","format":"yyyy","timeZone":"UTC","locale":"en-US"}},"aggregations":[{"type":"count","name":"$f2"},{"type":"doubleMax","name":"$f3","fieldName":"added"}],"intervals":["1900-01-01T00:00:00.000/3000-01-01T00:00:00.000"]}
            druid.query.type groupBy
          Statistics: Num rows: 1 Data size: 0 Basic stats: PARTIAL Column stats: NONE
          Select Operator
            expressions: extract_month (type: int), $f2 (type: bigint), $f3 (type: float), page (type: string)
            outputColumnNames: _col0, _col1, _col2, _col3
            Statistics: Num rows: 1 Data size: 0 Basic stats: PARTIAL Column stats: NONE
            ListSink

PREHOOK: query: EXPLAIN
SELECT MONTH(`__time`), count(*), max(added) as a, page FROM druid_table_1
WHERE YEAR(`__time`) = 2015 AND page IN ('(274020) Skywalker', '(266) Aline' ) AND `__time` < '2210-01-01 00:00:00'
GROUP BY MONTH(`__time`), page ORDER BY page DESC LIMIT 2
PREHOOK: type: QUERY
POSTHOOK: query: EXPLAIN
SELECT MONTH(`__time`), count(*), max(added) as a, page FROM druid_table_1
WHERE YEAR(`__time`) = 2015 AND page IN ('(274020) Skywalker', '(266) Aline' ) AND `__time` < '2210-01-01 00:00:00'
GROUP BY MONTH(`__time`), page ORDER BY page DESC LIMIT 2
POSTHOOK: type: QUERY
STAGE DEPENDENCIES:
  Stage-0 is a root stage

STAGE PLANS:
  Stage: Stage-0
    Fetch Operator
      limit: -1
      Processor Tree:
        TableScan
          alias: druid_table_1
          properties:
            druid.query.json {"queryType":"groupBy","dataSource":"wikipedia","granularity":"all","dimensions":[{"type":"extraction","dimension":"__time","outputName":"extract_month","extractionFn":{"type":"timeFormat","format":"M","timeZone":"UTC","locale":"en-US"}},{"type":"default","dimension":"page"}],"limitSpec":{"type":"default","limit":2,"columns":[{"dimension":"page","direction":"descending","dimensionOrder":"alphanumeric"}]},"filter":{"type":"and","fields":[{"type":"in","dimension":"page","values":["(274020) Skywalker","(266) Aline"]},{"type":"selector","dimension":"__time","value":"2015","extractionFn":{"type":"timeFormat","format":"yyyy","timeZone":"UTC","locale":"en-US"}}]},"aggregations":[{"type":"count","name":"$f2"},{"type":"doubleMax","name":"$f3","fieldName":"added"}],"intervals":["1900-01-01T00:00:00.000/2210-01-01T00:00:00.000"]}
            druid.query.type groupBy
          Statistics: Num rows: 1 Data size: 0 Basic stats: PARTIAL Column stats: NONE
          Select Operator
            expressions: extract_month (type: int), $f2 (type: bigint), $f3 (type: float), page (type: string)
            outputColumnNames: _col0, _col1, _col2, _col3
            Statistics: Num rows: 1 Data size: 0 Basic stats: PARTIAL Column stats: NONE
            ListSink

PREHOOK: query: EXPLAIN
SELECT MONTH(`__time`), count(*), max(added) as a, page FROM druid_table_1
WHERE YEAR(`__time`) = 2015 AND page IN ('(274020) Skywalker', '(266) Aline') AND `__time` BETWEEN '1210-01-01 00:00:00' AND '2210-01-01 00:00:00'
GROUP BY MONTH(`__time`), page ORDER BY page DESC LIMIT 2
PREHOOK: type: QUERY
POSTHOOK: query: EXPLAIN
SELECT MONTH(`__time`), count(*), max(added) as a, page FROM druid_table_1
WHERE YEAR(`__time`) = 2015 AND page IN ('(274020) Skywalker', '(266) Aline') AND `__time` BETWEEN '1210-01-01 00:00:00' AND '2210-01-01 00:00:00'
GROUP BY MONTH(`__time`), page ORDER BY page DESC LIMIT 2
POSTHOOK: type: QUERY
STAGE DEPENDENCIES:
  Stage-0 is a root stage

STAGE PLANS:
  Stage: Stage-0
    Fetch Operator
      limit: -1
      Processor Tree:
        TableScan
          alias: druid_table_1
          properties:
            druid.query.json {"queryType":"groupBy","dataSource":"wikipedia","granularity":"all","dimensions":[{"type":"extraction","dimension":"__time","outputName":"extract_month","extractionFn":{"type":"timeFormat","format":"M","timeZone":"UTC","locale":"en-US"}},{"type":"default","dimension":"page"}],"limitSpec":{"type":"default","limit":2,"columns":[{"dimension":"page","direction":"descending","dimensionOrder":"alphanumeric"}]},"filter":{"type":"and","fields":[{"type":"in","dimension":"page","values":["(274020) Skywalker","(266) Aline"]},{"type":"selector","dimension":"__time","value":"2015","extractionFn":{"type":"timeFormat","format":"yyyy","timeZone":"UTC","locale":"en-US"}}]},"aggregations":[{"type":"count","name":"$f2"},{"type":"doubleMax","name":"$f3","fieldName":"added"}],"intervals":["1210-01-08T00:00:00.000/2210-01-01T00:00:00.001"]}
            druid.query.type groupBy
          Statistics: Num rows: 1 Data size: 0 Basic stats: PARTIAL Column stats: NONE
          Select Operator
            expressions: extract_month (type: int), $f2 (type: bigint), $f3 (type: float), page (type: string)
            outputColumnNames: _col0, _col1, _col2, _col3
            Statistics: Num rows: 1 Data size: 0 Basic stats: PARTIAL Column stats: NONE
            ListSink

PREHOOK: query: EXPLAIN SELECT MONTH(`__time`), count(*), max(added) as a, page FROM druid_table_1
WHERE YEAR(`__time`) = 2015 AND page IN ('(274020) Skywalker', '(266) Aline') AND `__time` IN ('1210-01-01 00:00:00', '2210-01-01 00:00:00')
GROUP BY MONTH(`__time`), page ORDER BY page DESC LIMIT 2
PREHOOK: type: QUERY
POSTHOOK: query: EXPLAIN SELECT MONTH(`__time`), count(*), max(added) as a, page FROM druid_table_1
WHERE YEAR(`__time`) = 2015 AND page IN ('(274020) Skywalker', '(266) Aline') AND `__time` IN ('1210-01-01 00:00:00', '2210-01-01 00:00:00')
GROUP BY MONTH(`__time`), page ORDER BY page DESC LIMIT 2
POSTHOOK: type: QUERY
STAGE DEPENDENCIES:
  Stage-0 is a root stage

STAGE PLANS:
  Stage: Stage-0
    Fetch Operator
      limit: -1
      Processor Tree:
        TableScan
          alias: druid_table_1
          properties:
            druid.query.json {"queryType":"groupBy","dataSource":"wikipedia","granularity":"all","dimensions":[{"type":"extraction","dimension":"__time","outputName":"extract_month","extractionFn":{"type":"timeFormat","format":"M","timeZone":"UTC","locale":"en-US"}},{"type":"default","dimension":"page"}],"limitSpec":{"type":"default","limit":2,"columns":[{"dimension":"page","direction":"descending","dimensionOrder":"alphanumeric"}]},"filter":{"type":"and","fields":[{"type":"in","dimension":"page","values":["(274020) Skywalker","(266) Aline"]},{"type":"selector","dimension":"__time","value":"2015","extractionFn":{"type":"timeFormat","format":"yyyy","timeZone":"UTC","locale":"en-US"}}]},"aggregations":[{"type":"count","name":"$f2"},{"type":"doubleMax","name":"$f3","fieldName":"added"}],"intervals":["1210-01-08T00:00:00.000/1210-01-08T00:00:00.001","2210-01-01T00:00:00.000/2210-01-01T00:00:00.001"]}
            druid.query.type groupBy
          Statistics: Num rows: 1 Data size: 0 Basic stats: PARTIAL Column stats: NONE
          Select Operator
            expressions: extract_month (type: int), $f2 (type: bigint), $f3 (type: float), page (type: string)
            outputColumnNames: _col0, _col1, _col2, _col3
            Statistics: Num rows: 1 Data size: 0 Basic stats: PARTIAL Column stats: NONE
            ListSink

