PREHOOK: query: explain select * from src where key = '238' limit 0
PREHOOK: type: QUERY
POSTHOOK: query: explain select * from src where key = '238' limit 0
POSTHOOK: type: QUERY
STAGE DEPENDENCIES:
  Stage-0 is a root stage

STAGE PLANS:
  Stage: Stage-0
    Fetch Operator
      limit: 0
      Processor Tree:
        ListSink

PREHOOK: query: explain select src.key, count(src.value) from src group by src.key limit 0
PREHOOK: type: QUERY
POSTHOOK: query: explain select src.key, count(src.value) from src group by src.key limit 0
POSTHOOK: type: QUERY
STAGE DEPENDENCIES:
  Stage-0 is a root stage

STAGE PLANS:
  Stage: Stage-0
    Fetch Operator
      limit: 0
      Processor Tree:
        ListSink

PREHOOK: query: explain select * from ( select key from src limit 3) sq1 limit 0
PREHOOK: type: QUERY
POSTHOOK: query: explain select * from ( select key from src limit 3) sq1 limit 0
POSTHOOK: type: QUERY
STAGE DEPENDENCIES:
  Stage-0 is a root stage

STAGE PLANS:
  Stage: Stage-0
    Fetch Operator
      limit: 0
      Processor Tree:
        TableScan
          alias: src
          Statistics: Num rows: 500 Data size: 5312 Basic stats: COMPLETE Column stats: NONE
          Select Operator
            expressions: key (type: string)
            outputColumnNames: _col0
            Statistics: Num rows: 500 Data size: 5312 Basic stats: COMPLETE Column stats: NONE
            Limit
              Number of rows: 0
              Statistics: Num rows: 0 Data size: 0 Basic stats: NONE Column stats: NONE
              ListSink

PREHOOK: query: select * from src where key = '238' limit 0
PREHOOK: type: QUERY
PREHOOK: Input: default@src
#### A masked pattern was here ####
POSTHOOK: query: select * from src where key = '238' limit 0
POSTHOOK: type: QUERY
POSTHOOK: Input: default@src
#### A masked pattern was here ####
PREHOOK: query: select src.key, count(src.value) from src group by src.key limit 0
PREHOOK: type: QUERY
PREHOOK: Input: default@src
#### A masked pattern was here ####
POSTHOOK: query: select src.key, count(src.value) from src group by src.key limit 0
POSTHOOK: type: QUERY
POSTHOOK: Input: default@src
#### A masked pattern was here ####
PREHOOK: query: select * from ( select key from src limit 3) sq1 limit 0
PREHOOK: type: QUERY
PREHOOK: Input: default@src
#### A masked pattern was here ####
POSTHOOK: query: select * from ( select key from src limit 3) sq1 limit 0
POSTHOOK: type: QUERY
POSTHOOK: Input: default@src
#### A masked pattern was here ####
