PREHOOK: query: CREATE TABLE table_7 (int_col INT)
PREHOOK: type: CREATETABLE
PREHOOK: Output: database:default
PREHOOK: Output: default@table_7
POSTHOOK: query: CREATE TABLE table_7 (int_col INT)
POSTHOOK: type: CREATETABLE
POSTHOOK: Output: database:default
POSTHOOK: Output: default@table_7
Warning: Shuffle Join JOIN[27][tables = [$hdt$_0, $hdt$_1, $hdt$_2]] in Stage 'Stage-2:MAPRED' is a cross product
Warning: Shuffle Join JOIN[24][tables = [$hdt$_0, $hdt$_1]] in Stage 'Stage-1:MAPRED' is a cross product
PREHOOK: query: explain
SELECT
(t1.int_col) * (t1.int_col) AS int_col
FROM (
SELECT
MIN(NULL) OVER () AS int_col
FROM table_7
) t1
WHERE
(False) NOT IN (SELECT
False AS boolean_col
FROM (
SELECT
MIN(NULL) OVER () AS int_col
FROM table_7
) tt1
WHERE
(t1.int_col) = (tt1.int_col))
PREHOOK: type: QUERY
POSTHOOK: query: explain
SELECT
(t1.int_col) * (t1.int_col) AS int_col
FROM (
SELECT
MIN(NULL) OVER () AS int_col
FROM table_7
) t1
WHERE
(False) NOT IN (SELECT
False AS boolean_col
FROM (
SELECT
MIN(NULL) OVER () AS int_col
FROM table_7
) tt1
WHERE
(t1.int_col) = (tt1.int_col))
POSTHOOK: type: QUERY
STAGE DEPENDENCIES:
  Stage-3 is a root stage
  Stage-1 depends on stages: Stage-3
  Stage-2 depends on stages: Stage-1, Stage-4
  Stage-4 is a root stage
  Stage-0 depends on stages: Stage-2

STAGE PLANS:
  Stage: Stage-3
    Map Reduce
      Map Operator Tree:
          TableScan
            alias: table_7
            Statistics: Num rows: 1 Data size: 0 Basic stats: PARTIAL Column stats: COMPLETE
            Select Operator
              Statistics: Num rows: 1 Data size: 0 Basic stats: PARTIAL Column stats: COMPLETE
              Filter Operator
                predicate: false (type: boolean)
                Statistics: Num rows: 1 Data size: 0 Basic stats: PARTIAL Column stats: COMPLETE
                Group By Operator
                  aggregations: count(), count(false)
                  mode: hash
                  outputColumnNames: _col0, _col1
                  Statistics: Num rows: 1 Data size: 16 Basic stats: COMPLETE Column stats: COMPLETE
                  Reduce Output Operator
                    sort order: 
                    Statistics: Num rows: 1 Data size: 16 Basic stats: COMPLETE Column stats: COMPLETE
                    value expressions: _col0 (type: bigint), _col1 (type: bigint)
      Reduce Operator Tree:
        Group By Operator
          aggregations: count(VALUE._col0), count(VALUE._col1)
          mode: mergepartial
          outputColumnNames: _col0, _col1
          Statistics: Num rows: 1 Data size: 16 Basic stats: COMPLETE Column stats: COMPLETE
          Filter Operator
            predicate: ((_col1 >= _col0) or (_col0 = 0)) (type: boolean)
            Statistics: Num rows: 1 Data size: 16 Basic stats: COMPLETE Column stats: COMPLETE
            Select Operator
              expressions: _col0 (type: bigint)
              outputColumnNames: _col0
              Statistics: Num rows: 1 Data size: 16 Basic stats: COMPLETE Column stats: COMPLETE
              File Output Operator
                compressed: false
                table:
                    input format: org.apache.hadoop.mapred.SequenceFileInputFormat
                    output format: org.apache.hadoop.hive.ql.io.HiveSequenceFileOutputFormat
                    serde: org.apache.hadoop.hive.serde2.lazybinary.LazyBinarySerDe

  Stage: Stage-1
    Map Reduce
      Map Operator Tree:
          TableScan
            alias: table_7
            Statistics: Num rows: 1 Data size: 0 Basic stats: PARTIAL Column stats: COMPLETE
            Select Operator
              Statistics: Num rows: 1 Data size: 0 Basic stats: PARTIAL Column stats: COMPLETE
              Reduce Output Operator
                sort order: 
                Statistics: Num rows: 1 Data size: 0 Basic stats: PARTIAL Column stats: COMPLETE
          TableScan
            Reduce Output Operator
              sort order: 
              Statistics: Num rows: 1 Data size: 16 Basic stats: COMPLETE Column stats: COMPLETE
              value expressions: _col0 (type: bigint)
      Reduce Operator Tree:
        Join Operator
          condition map:
               Inner Join 0 to 1
          keys:
            0 
            1 
          outputColumnNames: _col1
          Statistics: Num rows: 1 Data size: 17 Basic stats: COMPLETE Column stats: NONE
          File Output Operator
            compressed: false
            table:
                input format: org.apache.hadoop.mapred.SequenceFileInputFormat
                output format: org.apache.hadoop.hive.ql.io.HiveSequenceFileOutputFormat
                serde: org.apache.hadoop.hive.serde2.lazybinary.LazyBinarySerDe

  Stage: Stage-2
    Map Reduce
      Map Operator Tree:
          TableScan
            Reduce Output Operator
              sort order: 
              Statistics: Num rows: 1 Data size: 17 Basic stats: COMPLETE Column stats: NONE
              value expressions: _col1 (type: bigint)
          TableScan
            Reduce Output Operator
              sort order: 
              Statistics: Num rows: 1 Data size: 0 Basic stats: PARTIAL Column stats: COMPLETE
              value expressions: _col1 (type: boolean)
      Reduce Operator Tree:
        Join Operator
          condition map:
               Left Outer Join0 to 1
          keys:
            0 
            1 
          outputColumnNames: _col1, _col4
          Statistics: Num rows: 1 Data size: 18 Basic stats: COMPLETE Column stats: NONE
          Filter Operator
            predicate: (_col4 is null or (_col1 = 0)) (type: boolean)
            Statistics: Num rows: 1 Data size: 18 Basic stats: COMPLETE Column stats: NONE
            Select Operator
              expressions: null (type: double)
              outputColumnNames: _col0
              Statistics: Num rows: 1 Data size: 18 Basic stats: COMPLETE Column stats: NONE
              File Output Operator
                compressed: false
                Statistics: Num rows: 1 Data size: 18 Basic stats: COMPLETE Column stats: NONE
                table:
                    input format: org.apache.hadoop.mapred.SequenceFileInputFormat
                    output format: org.apache.hadoop.hive.ql.io.HiveSequenceFileOutputFormat
                    serde: org.apache.hadoop.hive.serde2.lazy.LazySimpleSerDe

  Stage: Stage-4
    Map Reduce
      Map Operator Tree:
          TableScan
            alias: table_7
            Statistics: Num rows: 1 Data size: 0 Basic stats: PARTIAL Column stats: COMPLETE
            Select Operator
              Statistics: Num rows: 1 Data size: 0 Basic stats: PARTIAL Column stats: COMPLETE
              Filter Operator
                predicate: false (type: boolean)
                Statistics: Num rows: 1 Data size: 0 Basic stats: PARTIAL Column stats: COMPLETE
                Group By Operator
                  keys: false (type: boolean), true (type: boolean)
                  mode: hash
                  outputColumnNames: _col0, _col1
                  Statistics: Num rows: 1 Data size: 0 Basic stats: PARTIAL Column stats: COMPLETE
                  Reduce Output Operator
                    key expressions: _col0 (type: boolean), _col1 (type: boolean)
                    sort order: ++
                    Map-reduce partition columns: _col0 (type: boolean), _col1 (type: boolean)
                    Statistics: Num rows: 1 Data size: 0 Basic stats: PARTIAL Column stats: COMPLETE
      Reduce Operator Tree:
        Group By Operator
          keys: KEY._col0 (type: boolean), KEY._col1 (type: boolean)
          mode: mergepartial
          outputColumnNames: _col0, _col1
          Statistics: Num rows: 1 Data size: 0 Basic stats: PARTIAL Column stats: COMPLETE
          Select Operator
            expressions: _col1 (type: boolean)
            outputColumnNames: _col1
            Statistics: Num rows: 1 Data size: 0 Basic stats: PARTIAL Column stats: COMPLETE
            File Output Operator
              compressed: false
              table:
                  input format: org.apache.hadoop.mapred.SequenceFileInputFormat
                  output format: org.apache.hadoop.hive.ql.io.HiveSequenceFileOutputFormat
                  serde: org.apache.hadoop.hive.serde2.lazybinary.LazyBinarySerDe

  Stage: Stage-0
    Fetch Operator
      limit: -1
      Processor Tree:
        ListSink

