PREHOOK: query: drop table if exists foo
PREHOOK: type: DROPTABLE
POSTHOOK: query: drop table if exists foo
POSTHOOK: type: DROPTABLE
PREHOOK: query: create temporary table foo (x int, y int) stored as orc
PREHOOK: type: CREATETABLE
PREHOOK: Output: database:default
PREHOOK: Output: default@foo
POSTHOOK: query: create temporary table foo (x int, y int) stored as orc
POSTHOOK: type: CREATETABLE
POSTHOOK: Output: database:default
POSTHOOK: Output: default@foo
PREHOOK: query: insert into foo values(1,1),(2,NULL),(3,1)
PREHOOK: type: QUERY
PREHOOK: Input: default@values__tmp__table__1
PREHOOK: Output: default@foo
POSTHOOK: query: insert into foo values(1,1),(2,NULL),(3,1)
POSTHOOK: type: QUERY
POSTHOOK: Input: default@values__tmp__table__1
POSTHOOK: Output: default@foo
POSTHOOK: Lineage: foo.x EXPRESSION [(values__tmp__table__1)values__tmp__table__1.FieldSchema(name:tmp_values_col1, type:string, comment:), ]
POSTHOOK: Lineage: foo.y EXPRESSION [(values__tmp__table__1)values__tmp__table__1.FieldSchema(name:tmp_values_col2, type:string, comment:), ]
PREHOOK: query: EXPLAIN
select x, IF(x > 0,y,0) from foo order by x
PREHOOK: type: QUERY
POSTHOOK: query: EXPLAIN
select x, IF(x > 0,y,0) from foo order by x
POSTHOOK: type: QUERY
STAGE DEPENDENCIES:
  Stage-1 is a root stage
  Stage-0 depends on stages: Stage-1

STAGE PLANS:
  Stage: Stage-1
    Map Reduce
      Map Operator Tree:
          TableScan
            alias: foo
            Statistics: Num rows: 32 Data size: 258 Basic stats: COMPLETE Column stats: NONE
            Select Operator
              expressions: x (type: int), if((x > 0), y, 0) (type: int)
              outputColumnNames: _col0, _col1
              Statistics: Num rows: 32 Data size: 258 Basic stats: COMPLETE Column stats: NONE
              Reduce Output Operator
                key expressions: _col0 (type: int)
                sort order: +
                Statistics: Num rows: 32 Data size: 258 Basic stats: COMPLETE Column stats: NONE
                value expressions: _col1 (type: int)
      Execution mode: vectorized
      Reduce Operator Tree:
        Select Operator
          expressions: KEY.reducesinkkey0 (type: int), VALUE._col0 (type: int)
          outputColumnNames: _col0, _col1
          Statistics: Num rows: 32 Data size: 258 Basic stats: COMPLETE Column stats: NONE
          File Output Operator
            compressed: false
            Statistics: Num rows: 32 Data size: 258 Basic stats: COMPLETE Column stats: NONE
            table:
                input format: org.apache.hadoop.mapred.SequenceFileInputFormat
                output format: org.apache.hadoop.hive.ql.io.HiveSequenceFileOutputFormat
                serde: org.apache.hadoop.hive.serde2.lazy.LazySimpleSerDe

  Stage: Stage-0
    Fetch Operator
      limit: -1
      Processor Tree:
        ListSink

PREHOOK: query: select x, IF(x > 0,y,0) from foo order by x
PREHOOK: type: QUERY
PREHOOK: Input: default@foo
#### A masked pattern was here ####
POSTHOOK: query: select x, IF(x > 0,y,0) from foo order by x
POSTHOOK: type: QUERY
POSTHOOK: Input: default@foo
#### A masked pattern was here ####
1	1
2	NULL
3	1
PREHOOK: query: select x, IF(x > 0,y,0) from foo order by x
PREHOOK: type: QUERY
PREHOOK: Input: default@foo
#### A masked pattern was here ####
POSTHOOK: query: select x, IF(x > 0,y,0) from foo order by x
POSTHOOK: type: QUERY
POSTHOOK: Input: default@foo
#### A masked pattern was here ####
1	1
2	NULL
3	1
